2025-08-27 19:42:46 [main] INFO  c.s.SignatureGeneratorApplication - Starting SignatureGeneratorApplication using Java 24.0.2 with PID 32672 (C:\Users\ayush\Desktop\dev projects\backend\target\classes started by ayush in C:\Users\ayush\Desktop\dev projects\backend)
2025-08-27 19:42:46 [main] DEBUG c.s.SignatureGeneratorApplication - Running with Spring Boot v3.2.0, Spring v6.1.1
2025-08-27 19:42:46 [main] INFO  c.s.SignatureGeneratorApplication - No active profile set, falling back to 1 default profile: "default"
2025-08-27 19:42:47 [main] INFO  o.s.d.r.c.RepositoryConfigurationDelegate - Multiple Spring Data modules found, entering strict repository configuration mode
2025-08-27 19:42:47 [main] INFO  o.s.d.r.c.RepositoryConfigurationDelegate - Bootstrapping Spring Data JPA repositories in DEFAULT mode.
2025-08-27 19:42:47 [main] INFO  o.s.d.r.c.RepositoryConfigurationExtensionSupport - Spring Data JPA - Could not safely identify store assignment for repository candidate interface com.signature.repository.UserRepository; If you want this repository to be a JPA repository, consider annotating your entities with one of these annotations: jakarta.persistence.Entity, jakarta.persistence.MappedSuperclass (preferred), or consider extending one of the following types with your repository: org.springframework.data.jpa.repository.JpaRepository
2025-08-27 19:42:47 [main] INFO  o.s.d.r.c.RepositoryConfigurationDelegate - Finished Spring Data repository scanning in 66 ms. Found 3 JPA repository interfaces.
2025-08-27 19:42:47 [main] INFO  o.s.d.r.c.RepositoryConfigurationDelegate - Multiple Spring Data modules found, entering strict repository configuration mode
2025-08-27 19:42:47 [main] INFO  o.s.d.r.c.RepositoryConfigurationDelegate - Bootstrapping Spring Data MongoDB repositories in DEFAULT mode.
2025-08-27 19:42:47 [main] INFO  o.s.d.r.c.RepositoryConfigurationExtensionSupport - Spring Data MongoDB - Could not safely identify store assignment for repository candidate interface com.signature.repository.PaymentRepository; If you want this repository to be a MongoDB repository, consider annotating your entities with one of these annotations: org.springframework.data.mongodb.core.mapping.Document (preferred), or consider extending one of the following types with your repository: org.springframework.data.mongodb.repository.MongoRepository
2025-08-27 19:42:47 [main] INFO  o.s.d.r.c.RepositoryConfigurationExtensionSupport - Spring Data MongoDB - Could not safely identify store assignment for repository candidate interface com.signature.repository.TemplateRepository; If you want this repository to be a MongoDB repository, consider annotating your entities with one of these annotations: org.springframework.data.mongodb.core.mapping.Document (preferred), or consider extending one of the following types with your repository: org.springframework.data.mongodb.repository.MongoRepository
2025-08-27 19:42:47 [main] WARN  o.s.b.w.s.c.AnnotationConfigServletWebServerApplicationContext - Exception encountered during context initialization - cancelling refresh attempt: org.springframework.beans.factory.support.BeanDefinitionOverrideException: Invalid bean definition with name 'signatureRepository' defined in com.signature.repository.SignatureRepository defined in @EnableMongoRepositories declared on MongoRepositoriesRegistrar.EnableMongoRepositoriesConfiguration: Cannot register bean definition [Root bean: class [org.springframework.data.mongodb.repository.support.MongoRepositoryFactoryBean]; scope=; abstract=false; lazyInit=false; autowireMode=0; dependencyCheck=0; autowireCandidate=true; primary=false; factoryBeanName=null; factoryMethodName=null; initMethodNames=null; destroyMethodNames=null; defined in com.signature.repository.SignatureRepository defined in @EnableMongoRepositories declared on MongoRepositoriesRegistrar.EnableMongoRepositoriesConfiguration] for bean 'signatureRepository' since there is already [Root bean: class [org.springframework.data.jpa.repository.support.JpaRepositoryFactoryBean]; scope=; abstract=false; lazyInit=false; autowireMode=0; dependencyCheck=0; autowireCandidate=true; primary=false; factoryBeanName=null; factoryMethodName=null; initMethodNames=null; destroyMethodNames=null; defined in com.signature.repository.SignatureRepository defined in @EnableJpaRepositories declared on JpaRepositoriesRegistrar.EnableJpaRepositoriesConfiguration] bound.
2025-08-27 19:42:47 [main] INFO  o.s.b.a.l.ConditionEvaluationReportLogger - 

Error starting ApplicationContext. To display the condition evaluation report re-run your application with 'debug' enabled.
2025-08-27 19:42:47 [main] ERROR o.s.b.d.LoggingFailureAnalysisReporter - 

***************************
APPLICATION FAILED TO START
***************************

Description:

The bean 'signatureRepository', defined in com.signature.repository.SignatureRepository defined in @EnableMongoRepositories declared on MongoRepositoriesRegistrar.EnableMongoRepositoriesConfiguration, could not be registered. A bean with that name has already been defined in com.signature.repository.SignatureRepository defined in @EnableJpaRepositories declared on JpaRepositoriesRegistrar.EnableJpaRepositoriesConfiguration and overriding is disabled.

Action:

Consider renaming one of the beans or enabling overriding by setting spring.main.allow-bean-definition-overriding=true

2025-08-27 19:44:58 [main] INFO  c.s.SignatureGeneratorApplication - Starting SignatureGeneratorApplication using Java 24.0.2 with PID 26720 (C:\Users\ayush\Desktop\dev projects\backend\target\classes started by ayush in C:\Users\ayush\Desktop\dev projects\backend)
2025-08-27 19:44:58 [main] DEBUG c.s.SignatureGeneratorApplication - Running with Spring Boot v3.2.0, Spring v6.1.1
2025-08-27 19:44:58 [main] INFO  c.s.SignatureGeneratorApplication - No active profile set, falling back to 1 default profile: "default"
2025-08-27 19:44:58 [main] INFO  o.s.d.r.c.RepositoryConfigurationDelegate - Multiple Spring Data modules found, entering strict repository configuration mode
2025-08-27 19:44:58 [main] INFO  o.s.d.r.c.RepositoryConfigurationDelegate - Bootstrapping Spring Data JPA repositories in DEFAULT mode.
2025-08-27 19:44:58 [main] INFO  o.s.d.r.c.RepositoryConfigurationExtensionSupport - Spring Data JPA - Could not safely identify store assignment for repository candidate interface com.signature.repository.SignatureRepository; If you want this repository to be a JPA repository, consider annotating your entities with one of these annotations: jakarta.persistence.Entity, jakarta.persistence.MappedSuperclass (preferred), or consider extending one of the following types with your repository: org.springframework.data.jpa.repository.JpaRepository
2025-08-27 19:44:58 [main] INFO  o.s.d.r.c.RepositoryConfigurationExtensionSupport - Spring Data JPA - Could not safely identify store assignment for repository candidate interface com.signature.repository.UserRepository; If you want this repository to be a JPA repository, consider annotating your entities with one of these annotations: jakarta.persistence.Entity, jakarta.persistence.MappedSuperclass (preferred), or consider extending one of the following types with your repository: org.springframework.data.jpa.repository.JpaRepository
2025-08-27 19:44:58 [main] INFO  o.s.d.r.c.RepositoryConfigurationDelegate - Finished Spring Data repository scanning in 61 ms. Found 2 JPA repository interfaces.
2025-08-27 19:44:58 [main] INFO  o.s.d.r.c.RepositoryConfigurationDelegate - Multiple Spring Data modules found, entering strict repository configuration mode
2025-08-27 19:44:58 [main] INFO  o.s.d.r.c.RepositoryConfigurationDelegate - Bootstrapping Spring Data MongoDB repositories in DEFAULT mode.
2025-08-27 19:44:58 [main] INFO  o.s.d.r.c.RepositoryConfigurationExtensionSupport - Spring Data MongoDB - Could not safely identify store assignment for repository candidate interface com.signature.repository.PaymentRepository; If you want this repository to be a MongoDB repository, consider annotating your entities with one of these annotations: org.springframework.data.mongodb.core.mapping.Document (preferred), or consider extending one of the following types with your repository: org.springframework.data.mongodb.repository.MongoRepository
2025-08-27 19:44:58 [main] INFO  o.s.d.r.c.RepositoryConfigurationExtensionSupport - Spring Data MongoDB - Could not safely identify store assignment for repository candidate interface com.signature.repository.TemplateRepository; If you want this repository to be a MongoDB repository, consider annotating your entities with one of these annotations: org.springframework.data.mongodb.core.mapping.Document (preferred), or consider extending one of the following types with your repository: org.springframework.data.mongodb.repository.MongoRepository
2025-08-27 19:44:58 [main] INFO  o.s.d.r.c.RepositoryConfigurationDelegate - Finished Spring Data repository scanning in 14 ms. Found 2 MongoDB repository interfaces.
2025-08-27 19:44:59 [main] INFO  o.s.b.w.e.tomcat.TomcatWebServer - Tomcat initialized with port 8080 (http)
2025-08-27 19:44:59 [main] INFO  o.a.catalina.core.StandardService - Starting service [Tomcat]
2025-08-27 19:44:59 [main] INFO  o.a.catalina.core.StandardEngine - Starting Servlet engine: [Apache Tomcat/10.1.16]
2025-08-27 19:44:59 [main] INFO  o.a.c.c.C.[.[localhost].[/api] - Initializing Spring embedded WebApplicationContext
2025-08-27 19:44:59 [main] INFO  o.s.b.w.s.c.ServletWebServerApplicationContext - Root WebApplicationContext: initialization completed in 1500 ms
2025-08-27 19:44:59 [cluster-ClusterId{value='68af12e335da59192dd2db8e', description='signature-cluster'}-srv-signature-cluster.d5vvqi4.mongodb.net] INFO  org.mongodb.driver.cluster - Adding discovered server ac-yyl6ifk-shard-00-01.d5vvqi4.mongodb.net:27017 to client view of cluster
2025-08-27 19:44:59 [main] INFO  org.mongodb.driver.client - MongoClient with metadata {"application": {"name": "signature-cluster"}, "driver": {"name": "mongo-java-driver|sync|spring-boot", "version": "4.11.1"}, "os": {"type": "Windows", "name": "Windows 11", "architecture": "amd64", "version": "10.0"}, "platform": "Java/Eclipse Adoptium/24.0.2+12"} created with settings MongoClientSettings{readPreference=primary, writeConcern=WriteConcern{w=majority, wTimeout=null ms, journal=null}, retryWrites=true, retryReads=true, readConcern=ReadConcern{level=null}, credential=MongoCredential{mechanism=null, userName='devgupta791', source='admin', password=<hidden>, mechanismProperties=<hidden>}, transportSettings=null, streamFactoryFactory=null, commandListeners=[], codecRegistry=ProvidersCodecRegistry{codecProviders=[ValueCodecProvider{}, BsonValueCodecProvider{}, DBRefCodecProvider{}, DBObjectCodecProvider{}, DocumentCodecProvider{}, CollectionCodecProvider{}, IterableCodecProvider{}, MapCodecProvider{}, GeoJsonCodecProvider{}, GridFSFileCodecProvider{}, Jsr310CodecProvider{}, JsonObjectCodecProvider{}, BsonCodecProvider{}, EnumCodecProvider{}, com.mongodb.client.model.mql.ExpressionCodecProvider@1f992a3a, com.mongodb.Jep395RecordCodecProvider@30bf26df, com.mongodb.KotlinCodecProvider@261bd7b]}, loggerSettings=LoggerSettings{maxDocumentLength=1000}, clusterSettings={hosts=[127.0.0.1:27017], srvHost=signature-cluster.d5vvqi4.mongodb.net, srvServiceName=mongodb, mode=MULTIPLE, requiredClusterType=REPLICA_SET, requiredReplicaSetName='atlas-13fi3x-shard-0', serverSelector='null', clusterListeners='[]', serverSelectionTimeout='30000 ms', localThreshold='15 ms'}, socketSettings=SocketSettings{connectTimeoutMS=10000, readTimeoutMS=0, receiveBufferSize=0, proxySettings=ProxySettings{host=null, port=null, username=null, password=null}}, heartbeatSocketSettings=SocketSettings{connectTimeoutMS=10000, readTimeoutMS=10000, receiveBufferSize=0, proxySettings=ProxySettings{host=null, port=null, username=null, password=null}}, connectionPoolSettings=ConnectionPoolSettings{maxSize=100, minSize=0, maxWaitTimeMS=120000, maxConnectionLifeTimeMS=0, maxConnectionIdleTimeMS=0, maintenanceInitialDelayMS=0, maintenanceFrequencyMS=60000, connectionPoolListeners=[], maxConnecting=2}, serverSettings=ServerSettings{heartbeatFrequencyMS=10000, minHeartbeatFrequencyMS=500, serverListeners='[]', serverMonitorListeners='[]'}, sslSettings=SslSettings{enabled=true, invalidHostNameAllowed=false, context=null}, applicationName='signature-cluster', compressorList=[], uuidRepresentation=JAVA_LEGACY, serverApi=null, autoEncryptionSettings=null, dnsClient=null, inetAddressResolver=null, contextProvider=null}
2025-08-27 19:44:59 [cluster-ClusterId{value='68af12e335da59192dd2db8e', description='signature-cluster'}-srv-signature-cluster.d5vvqi4.mongodb.net] INFO  org.mongodb.driver.cluster - Adding discovered server ac-yyl6ifk-shard-00-02.d5vvqi4.mongodb.net:27017 to client view of cluster
2025-08-27 19:44:59 [cluster-ClusterId{value='68af12e335da59192dd2db8e', description='signature-cluster'}-srv-signature-cluster.d5vvqi4.mongodb.net] INFO  org.mongodb.driver.cluster - Adding discovered server ac-yyl6ifk-shard-00-00.d5vvqi4.mongodb.net:27017 to client view of cluster
2025-08-27 19:45:00 [main] DEBUG c.signature.security.AuthTokenFilter - Filter 'authenticationJwtTokenFilter' configured for use
2025-08-27 19:45:00 [cluster-ClusterId{value='68af12e335da59192dd2db8e', description='signature-cluster'}-ac-yyl6ifk-shard-00-02.d5vvqi4.mongodb.net:27017] INFO  org.mongodb.driver.cluster - Monitor thread successfully connected to server with description ServerDescription{address=ac-yyl6ifk-shard-00-02.d5vvqi4.mongodb.net:27017, type=REPLICA_SET_SECONDARY, state=CONNECTED, ok=true, minWireVersion=0, maxWireVersion=25, maxDocumentSize=16777216, logicalSessionTimeoutMinutes=30, roundTripTimeNanos=303584200, setName='atlas-13fi3x-shard-0', canonicalAddress=ac-yyl6ifk-shard-00-02.d5vvqi4.mongodb.net:27017, hosts=[ac-yyl6ifk-shard-00-00.d5vvqi4.mongodb.net:27017, ac-yyl6ifk-shard-00-01.d5vvqi4.mongodb.net:27017, ac-yyl6ifk-shard-00-02.d5vvqi4.mongodb.net:27017], passives=[], arbiters=[], primary='ac-yyl6ifk-shard-00-01.d5vvqi4.mongodb.net:27017', tagSet=TagSet{[Tag{name='availabilityZone', value='aps1-az2'}, Tag{name='diskState', value='READY'}, Tag{name='nodeType', value='ELECTABLE'}, Tag{name='provider', value='AWS'}, Tag{name='region', value='AP_SOUTH_1'}, Tag{name='workloadType', value='OPERATIONAL'}]}, electionId=null, setVersion=229, topologyVersion=TopologyVersion{processId=68acbe4cc79d05aca6d4bb93, counter=3}, lastWriteDate=Wed Aug 27 19:45:02 IST 2025, lastUpdateTimeNanos=92537803898500}
2025-08-27 19:45:00 [cluster-ClusterId{value='68af12e335da59192dd2db8e', description='signature-cluster'}-ac-yyl6ifk-shard-00-01.d5vvqi4.mongodb.net:27017] INFO  org.mongodb.driver.cluster - Monitor thread successfully connected to server with description ServerDescription{address=ac-yyl6ifk-shard-00-01.d5vvqi4.mongodb.net:27017, type=REPLICA_SET_PRIMARY, state=CONNECTED, ok=true, minWireVersion=0, maxWireVersion=25, maxDocumentSize=16777216, logicalSessionTimeoutMinutes=30, roundTripTimeNanos=303599000, setName='atlas-13fi3x-shard-0', canonicalAddress=ac-yyl6ifk-shard-00-01.d5vvqi4.mongodb.net:27017, hosts=[ac-yyl6ifk-shard-00-00.d5vvqi4.mongodb.net:27017, ac-yyl6ifk-shard-00-01.d5vvqi4.mongodb.net:27017, ac-yyl6ifk-shard-00-02.d5vvqi4.mongodb.net:27017], passives=[], arbiters=[], primary='ac-yyl6ifk-shard-00-01.d5vvqi4.mongodb.net:27017', tagSet=TagSet{[Tag{name='availabilityZone', value='aps1-az3'}, Tag{name='diskState', value='READY'}, Tag{name='nodeType', value='ELECTABLE'}, Tag{name='provider', value='AWS'}, Tag{name='region', value='AP_SOUTH_1'}, Tag{name='workloadType', value='OPERATIONAL'}]}, electionId=7fffffff000000000000013e, setVersion=229, topologyVersion=TopologyVersion{processId=68acbb1ea64f5bf85d133d8d, counter=6}, lastWriteDate=Wed Aug 27 19:45:02 IST 2025, lastUpdateTimeNanos=92537803898400}
2025-08-27 19:45:00 [cluster-ClusterId{value='68af12e335da59192dd2db8e', description='signature-cluster'}-ac-yyl6ifk-shard-00-00.d5vvqi4.mongodb.net:27017] INFO  org.mongodb.driver.cluster - Monitor thread successfully connected to server with description ServerDescription{address=ac-yyl6ifk-shard-00-00.d5vvqi4.mongodb.net:27017, type=REPLICA_SET_SECONDARY, state=CONNECTED, ok=true, minWireVersion=0, maxWireVersion=25, maxDocumentSize=16777216, logicalSessionTimeoutMinutes=30, roundTripTimeNanos=303590400, setName='atlas-13fi3x-shard-0', canonicalAddress=ac-yyl6ifk-shard-00-00.d5vvqi4.mongodb.net:27017, hosts=[ac-yyl6ifk-shard-00-00.d5vvqi4.mongodb.net:27017, ac-yyl6ifk-shard-00-01.d5vvqi4.mongodb.net:27017, ac-yyl6ifk-shard-00-02.d5vvqi4.mongodb.net:27017], passives=[], arbiters=[], primary='ac-yyl6ifk-shard-00-01.d5vvqi4.mongodb.net:27017', tagSet=TagSet{[Tag{name='availabilityZone', value='aps1-az1'}, Tag{name='diskState', value='READY'}, Tag{name='nodeType', value='ELECTABLE'}, Tag{name='provider', value='AWS'}, Tag{name='region', value='AP_SOUTH_1'}, Tag{name='workloadType', value='OPERATIONAL'}]}, electionId=null, setVersion=229, topologyVersion=TopologyVersion{processId=68acbc8b375c02f0f583b70a, counter=4}, lastWriteDate=Wed Aug 27 19:45:02 IST 2025, lastUpdateTimeNanos=92537803898500}
2025-08-27 19:45:00 [cluster-ClusterId{value='68af12e335da59192dd2db8e', description='signature-cluster'}-ac-yyl6ifk-shard-00-01.d5vvqi4.mongodb.net:27017] INFO  org.mongodb.driver.cluster - Discovered replica set primary ac-yyl6ifk-shard-00-01.d5vvqi4.mongodb.net:27017 with max election id 7fffffff000000000000013e and max set version 229
2025-08-27 19:45:00 [main] INFO  o.h.jpa.internal.util.LogHelper - HHH000204: Processing PersistenceUnitInfo [name: default]
2025-08-27 19:45:00 [main] INFO  org.hibernate.Version - HHH000412: Hibernate ORM core version 6.3.1.Final
2025-08-27 19:45:00 [main] INFO  o.h.c.i.RegionFactoryInitiator - HHH000026: Second-level cache disabled
2025-08-27 19:45:00 [main] INFO  o.s.o.j.p.SpringPersistenceUnitInfo - No LoadTimeWeaver setup: ignoring JPA class transformer
2025-08-27 19:45:00 [main] INFO  com.zaxxer.hikari.HikariDataSource - HikariPool-1 - Starting...
2025-08-27 19:45:01 [main] INFO  com.zaxxer.hikari.pool.HikariPool - HikariPool-1 - Added connection com.mysql.cj.jdbc.ConnectionImpl@521c67f0
2025-08-27 19:45:01 [main] INFO  com.zaxxer.hikari.HikariDataSource - HikariPool-1 - Start completed.
2025-08-27 19:45:01 [main] WARN  org.hibernate.orm.deprecation - HHH90000025: MySQLDialect does not need to be specified explicitly using 'hibernate.dialect' (remove the property setting and it will be selected by default)
2025-08-27 19:45:01 [main] ERROR o.s.o.j.LocalContainerEntityManagerFactoryBean - Failed to initialize JPA EntityManagerFactory: Association 'com.signature.model.Payment.user' targets an unknown entity named 'com.signature.model.User'
2025-08-27 19:45:01 [main] WARN  o.s.b.w.s.c.AnnotationConfigServletWebServerApplicationContext - Exception encountered during context initialization - cancelling refresh attempt: org.springframework.beans.factory.BeanCreationException: Error creating bean with name 'entityManagerFactory' defined in class path resource [org/springframework/boot/autoconfigure/orm/jpa/HibernateJpaConfiguration.class]: Association 'com.signature.model.Payment.user' targets an unknown entity named 'com.signature.model.User'
2025-08-27 19:45:01 [main] INFO  com.zaxxer.hikari.HikariDataSource - HikariPool-1 - Shutdown initiated...
2025-08-27 19:45:01 [main] INFO  com.zaxxer.hikari.HikariDataSource - HikariPool-1 - Shutdown completed.
2025-08-27 19:45:01 [main] INFO  o.a.catalina.core.StandardService - Stopping service [Tomcat]
2025-08-27 19:45:01 [main] WARN  o.a.c.loader.WebappClassLoaderBase - The web application [api] appears to have started a thread named [BufferPoolPruner-1-thread-1] but has failed to stop it. This is very likely to create a memory leak. Stack trace of thread:
 java.base/jdk.internal.misc.Unsafe.park(Native Method)
 java.base/java.util.concurrent.locks.LockSupport.parkNanos(LockSupport.java:271)
 java.base/java.util.concurrent.locks.AbstractQueuedSynchronizer$ConditionObject.awaitNanos(AbstractQueuedSynchronizer.java:1802)
 java.base/java.util.concurrent.ScheduledThreadPoolExecutor$DelayedWorkQueue.take(ScheduledThreadPoolExecutor.java:1166)
 java.base/java.util.concurrent.ScheduledThreadPoolExecutor$DelayedWorkQueue.take(ScheduledThreadPoolExecutor.java:883)
 java.base/java.util.concurrent.ThreadPoolExecutor.getTask(ThreadPoolExecutor.java:1021)
 java.base/java.util.concurrent.ThreadPoolExecutor.runWorker(ThreadPoolExecutor.java:1081)
 java.base/java.util.concurrent.ThreadPoolExecutor$Worker.run(ThreadPoolExecutor.java:619)
 java.base/java.lang.Thread.run(Thread.java:1447)
2025-08-27 19:45:01 [main] INFO  o.s.b.a.l.ConditionEvaluationReportLogger - 

Error starting ApplicationContext. To display the condition evaluation report re-run your application with 'debug' enabled.
2025-08-27 19:45:01 [main] ERROR o.s.boot.SpringApplication - Application run failed
org.springframework.beans.factory.BeanCreationException: Error creating bean with name 'entityManagerFactory' defined in class path resource [org/springframework/boot/autoconfigure/orm/jpa/HibernateJpaConfiguration.class]: Association 'com.signature.model.Payment.user' targets an unknown entity named 'com.signature.model.User'
	at org.springframework.beans.factory.support.AbstractAutowireCapableBeanFactory.initializeBean(AbstractAutowireCapableBeanFactory.java:1775)
	at org.springframework.beans.factory.support.AbstractAutowireCapableBeanFactory.doCreateBean(AbstractAutowireCapableBeanFactory.java:601)
	at org.springframework.beans.factory.support.AbstractAutowireCapableBeanFactory.createBean(AbstractAutowireCapableBeanFactory.java:523)
	at org.springframework.beans.factory.support.AbstractBeanFactory.lambda$doGetBean$0(AbstractBeanFactory.java:325)
	at org.springframework.beans.factory.support.DefaultSingletonBeanRegistry.getSingleton(DefaultSingletonBeanRegistry.java:234)
	at org.springframework.beans.factory.support.AbstractBeanFactory.doGetBean(AbstractBeanFactory.java:323)
	at org.springframework.beans.factory.support.AbstractBeanFactory.getBean(AbstractBeanFactory.java:199)
	at org.springframework.context.support.AbstractApplicationContext.getBean(AbstractApplicationContext.java:1173)
	at org.springframework.context.support.AbstractApplicationContext.finishBeanFactoryInitialization(AbstractApplicationContext.java:936)
	at org.springframework.context.support.AbstractApplicationContext.refresh(AbstractApplicationContext.java:616)
	at org.springframework.boot.web.servlet.context.ServletWebServerApplicationContext.refresh(ServletWebServerApplicationContext.java:146)
	at org.springframework.boot.SpringApplication.refresh(SpringApplication.java:753)
	at org.springframework.boot.SpringApplication.refreshContext(SpringApplication.java:455)
	at org.springframework.boot.SpringApplication.run(SpringApplication.java:323)
	at org.springframework.boot.SpringApplication.run(SpringApplication.java:1342)
	at org.springframework.boot.SpringApplication.run(SpringApplication.java:1331)
	at com.signature.SignatureGeneratorApplication.main(SignatureGeneratorApplication.java:9)
Caused by: org.hibernate.AnnotationException: Association 'com.signature.model.Payment.user' targets an unknown entity named 'com.signature.model.User'
	at org.hibernate.boot.model.internal.ToOneFkSecondPass.doSecondPass(ToOneFkSecondPass.java:104)
	at org.hibernate.boot.internal.InFlightMetadataCollectorImpl.processEndOfQueue(InFlightMetadataCollectorImpl.java:1910)
	at org.hibernate.boot.internal.InFlightMetadataCollectorImpl.processFkSecondPassesInOrder(InFlightMetadataCollectorImpl.java:1859)
	at org.hibernate.boot.internal.InFlightMetadataCollectorImpl.processSecondPasses(InFlightMetadataCollectorImpl.java:1768)
	at org.hibernate.boot.model.process.spi.MetadataBuildingProcess.complete(MetadataBuildingProcess.java:331)
	at org.hibernate.jpa.boot.internal.EntityManagerFactoryBuilderImpl.metadata(EntityManagerFactoryBuilderImpl.java:1432)
	at org.hibernate.jpa.boot.internal.EntityManagerFactoryBuilderImpl.build(EntityManagerFactoryBuilderImpl.java:1503)
	at org.springframework.orm.jpa.vendor.SpringHibernateJpaPersistenceProvider.createContainerEntityManagerFactory(SpringHibernateJpaPersistenceProvider.java:75)
	at org.springframework.orm.jpa.LocalContainerEntityManagerFactoryBean.createNativeEntityManagerFactory(LocalContainerEntityManagerFactoryBean.java:376)
	at org.springframework.orm.jpa.AbstractEntityManagerFactoryBean.buildNativeEntityManagerFactory(AbstractEntityManagerFactoryBean.java:409)
	at org.springframework.orm.jpa.AbstractEntityManagerFactoryBean.afterPropertiesSet(AbstractEntityManagerFactoryBean.java:396)
	at org.springframework.orm.jpa.LocalContainerEntityManagerFactoryBean.afterPropertiesSet(LocalContainerEntityManagerFactoryBean.java:352)
	at org.springframework.beans.factory.support.AbstractAutowireCapableBeanFactory.invokeInitMethods(AbstractAutowireCapableBeanFactory.java:1822)
	at org.springframework.beans.factory.support.AbstractAutowireCapableBeanFactory.initializeBean(AbstractAutowireCapableBeanFactory.java:1771)
	... 16 common frames omitted
2025-08-27 19:48:10 [main] INFO  c.s.SignatureGeneratorApplication - Starting SignatureGeneratorApplication using Java 24.0.2 with PID 25916 (C:\Users\ayush\Desktop\dev projects\backend\target\classes started by ayush in C:\Users\ayush\Desktop\dev projects\backend)
2025-08-27 19:48:10 [main] DEBUG c.s.SignatureGeneratorApplication - Running with Spring Boot v3.2.0, Spring v6.1.1
2025-08-27 19:48:10 [main] INFO  c.s.SignatureGeneratorApplication - No active profile set, falling back to 1 default profile: "default"
2025-08-27 19:48:11 [main] INFO  o.s.d.r.c.RepositoryConfigurationDelegate - Multiple Spring Data modules found, entering strict repository configuration mode
2025-08-27 19:48:11 [main] INFO  o.s.d.r.c.RepositoryConfigurationDelegate - Bootstrapping Spring Data JPA repositories in DEFAULT mode.
2025-08-27 19:48:11 [main] INFO  o.s.d.r.c.RepositoryConfigurationExtensionSupport - Spring Data JPA - Could not safely identify store assignment for repository candidate interface com.signature.repository.PaymentRepository; If you want this repository to be a JPA repository, consider annotating your entities with one of these annotations: jakarta.persistence.Entity, jakarta.persistence.MappedSuperclass (preferred), or consider extending one of the following types with your repository: org.springframework.data.jpa.repository.JpaRepository
2025-08-27 19:48:11 [main] INFO  o.s.d.r.c.RepositoryConfigurationExtensionSupport - Spring Data JPA - Could not safely identify store assignment for repository candidate interface com.signature.repository.SignatureRepository; If you want this repository to be a JPA repository, consider annotating your entities with one of these annotations: jakarta.persistence.Entity, jakarta.persistence.MappedSuperclass (preferred), or consider extending one of the following types with your repository: org.springframework.data.jpa.repository.JpaRepository
2025-08-27 19:48:11 [main] INFO  o.s.d.r.c.RepositoryConfigurationExtensionSupport - Spring Data JPA - Could not safely identify store assignment for repository candidate interface com.signature.repository.TemplateRepository; If you want this repository to be a JPA repository, consider annotating your entities with one of these annotations: jakarta.persistence.Entity, jakarta.persistence.MappedSuperclass (preferred), or consider extending one of the following types with your repository: org.springframework.data.jpa.repository.JpaRepository
2025-08-27 19:48:11 [main] INFO  o.s.d.r.c.RepositoryConfigurationExtensionSupport - Spring Data JPA - Could not safely identify store assignment for repository candidate interface com.signature.repository.UserRepository; If you want this repository to be a JPA repository, consider annotating your entities with one of these annotations: jakarta.persistence.Entity, jakarta.persistence.MappedSuperclass (preferred), or consider extending one of the following types with your repository: org.springframework.data.jpa.repository.JpaRepository
2025-08-27 19:48:11 [main] INFO  o.s.d.r.c.RepositoryConfigurationDelegate - Finished Spring Data repository scanning in 79 ms. Found 0 JPA repository interfaces.
2025-08-27 19:48:11 [main] INFO  o.s.d.r.c.RepositoryConfigurationDelegate - Multiple Spring Data modules found, entering strict repository configuration mode
2025-08-27 19:48:11 [main] INFO  o.s.d.r.c.RepositoryConfigurationDelegate - Bootstrapping Spring Data MongoDB repositories in DEFAULT mode.
2025-08-27 19:48:11 [main] INFO  o.s.d.r.c.RepositoryConfigurationDelegate - Finished Spring Data repository scanning in 65 ms. Found 4 MongoDB repository interfaces.
2025-08-27 19:48:13 [main] INFO  o.s.b.w.e.tomcat.TomcatWebServer - Tomcat initialized with port 8080 (http)
2025-08-27 19:48:13 [main] INFO  o.a.catalina.core.StandardService - Starting service [Tomcat]
2025-08-27 19:48:13 [main] INFO  o.a.catalina.core.StandardEngine - Starting Servlet engine: [Apache Tomcat/10.1.16]
2025-08-27 19:48:13 [main] INFO  o.a.c.c.C.[.[localhost].[/api] - Initializing Spring embedded WebApplicationContext
2025-08-27 19:48:13 [main] INFO  o.s.b.w.s.c.ServletWebServerApplicationContext - Root WebApplicationContext: initialization completed in 3101 ms
2025-08-27 19:48:13 [main] INFO  org.mongodb.driver.client - MongoClient with metadata {"application": {"name": "signature-cluster"}, "driver": {"name": "mongo-java-driver|sync|spring-boot", "version": "4.11.1"}, "os": {"type": "Windows", "name": "Windows 11", "architecture": "amd64", "version": "10.0"}, "platform": "Java/Eclipse Adoptium/24.0.2+12"} created with settings MongoClientSettings{readPreference=primary, writeConcern=WriteConcern{w=majority, wTimeout=null ms, journal=null}, retryWrites=true, retryReads=true, readConcern=ReadConcern{level=null}, credential=MongoCredential{mechanism=null, userName='devgupta791', source='admin', password=<hidden>, mechanismProperties=<hidden>}, transportSettings=null, streamFactoryFactory=null, commandListeners=[], codecRegistry=ProvidersCodecRegistry{codecProviders=[ValueCodecProvider{}, BsonValueCodecProvider{}, DBRefCodecProvider{}, DBObjectCodecProvider{}, DocumentCodecProvider{}, CollectionCodecProvider{}, IterableCodecProvider{}, MapCodecProvider{}, GeoJsonCodecProvider{}, GridFSFileCodecProvider{}, Jsr310CodecProvider{}, JsonObjectCodecProvider{}, BsonCodecProvider{}, EnumCodecProvider{}, com.mongodb.client.model.mql.ExpressionCodecProvider@64aeaf29, com.mongodb.Jep395RecordCodecProvider@1e3df614, com.mongodb.KotlinCodecProvider@6579cdbb]}, loggerSettings=LoggerSettings{maxDocumentLength=1000}, clusterSettings={hosts=[127.0.0.1:27017], srvHost=signature-cluster.d5vvqi4.mongodb.net, srvServiceName=mongodb, mode=MULTIPLE, requiredClusterType=REPLICA_SET, requiredReplicaSetName='atlas-13fi3x-shard-0', serverSelector='null', clusterListeners='[]', serverSelectionTimeout='30000 ms', localThreshold='15 ms'}, socketSettings=SocketSettings{connectTimeoutMS=10000, readTimeoutMS=0, receiveBufferSize=0, proxySettings=ProxySettings{host=null, port=null, username=null, password=null}}, heartbeatSocketSettings=SocketSettings{connectTimeoutMS=10000, readTimeoutMS=10000, receiveBufferSize=0, proxySettings=ProxySettings{host=null, port=null, username=null, password=null}}, connectionPoolSettings=ConnectionPoolSettings{maxSize=100, minSize=0, maxWaitTimeMS=120000, maxConnectionLifeTimeMS=0, maxConnectionIdleTimeMS=0, maintenanceInitialDelayMS=0, maintenanceFrequencyMS=60000, connectionPoolListeners=[], maxConnecting=2}, serverSettings=ServerSettings{heartbeatFrequencyMS=10000, minHeartbeatFrequencyMS=500, serverListeners='[]', serverMonitorListeners='[]'}, sslSettings=SslSettings{enabled=true, invalidHostNameAllowed=false, context=null}, applicationName='signature-cluster', compressorList=[], uuidRepresentation=JAVA_LEGACY, serverApi=null, autoEncryptionSettings=null, dnsClient=null, inetAddressResolver=null, contextProvider=null}
2025-08-27 19:48:13 [cluster-ClusterId{value='68af13a50fd4ce1fdb933e4f', description='signature-cluster'}-srv-signature-cluster.d5vvqi4.mongodb.net] INFO  org.mongodb.driver.cluster - Adding discovered server ac-yyl6ifk-shard-00-01.d5vvqi4.mongodb.net:27017 to client view of cluster
2025-08-27 19:48:13 [cluster-ClusterId{value='68af13a50fd4ce1fdb933e4f', description='signature-cluster'}-srv-signature-cluster.d5vvqi4.mongodb.net] INFO  org.mongodb.driver.cluster - Adding discovered server ac-yyl6ifk-shard-00-02.d5vvqi4.mongodb.net:27017 to client view of cluster
2025-08-27 19:48:13 [cluster-ClusterId{value='68af13a50fd4ce1fdb933e4f', description='signature-cluster'}-srv-signature-cluster.d5vvqi4.mongodb.net] INFO  org.mongodb.driver.cluster - Adding discovered server ac-yyl6ifk-shard-00-00.d5vvqi4.mongodb.net:27017 to client view of cluster
2025-08-27 19:48:14 [main] DEBUG c.signature.security.AuthTokenFilter - Filter 'authenticationJwtTokenFilter' configured for use
2025-08-27 19:48:14 [cluster-ClusterId{value='68af13a50fd4ce1fdb933e4f', description='signature-cluster'}-ac-yyl6ifk-shard-00-01.d5vvqi4.mongodb.net:27017] INFO  org.mongodb.driver.cluster - Monitor thread successfully connected to server with description ServerDescription{address=ac-yyl6ifk-shard-00-01.d5vvqi4.mongodb.net:27017, type=REPLICA_SET_PRIMARY, state=CONNECTED, ok=true, minWireVersion=0, maxWireVersion=25, maxDocumentSize=16777216, logicalSessionTimeoutMinutes=30, roundTripTimeNanos=657058200, setName='atlas-13fi3x-shard-0', canonicalAddress=ac-yyl6ifk-shard-00-01.d5vvqi4.mongodb.net:27017, hosts=[ac-yyl6ifk-shard-00-00.d5vvqi4.mongodb.net:27017, ac-yyl6ifk-shard-00-01.d5vvqi4.mongodb.net:27017, ac-yyl6ifk-shard-00-02.d5vvqi4.mongodb.net:27017], passives=[], arbiters=[], primary='ac-yyl6ifk-shard-00-01.d5vvqi4.mongodb.net:27017', tagSet=TagSet{[Tag{name='availabilityZone', value='aps1-az3'}, Tag{name='diskState', value='READY'}, Tag{name='nodeType', value='ELECTABLE'}, Tag{name='provider', value='AWS'}, Tag{name='region', value='AP_SOUTH_1'}, Tag{name='workloadType', value='OPERATIONAL'}]}, electionId=7fffffff000000000000013e, setVersion=229, topologyVersion=TopologyVersion{processId=68acbb1ea64f5bf85d133d8d, counter=6}, lastWriteDate=Wed Aug 27 19:48:17 IST 2025, lastUpdateTimeNanos=92732264378500}
2025-08-27 19:48:14 [cluster-ClusterId{value='68af13a50fd4ce1fdb933e4f', description='signature-cluster'}-ac-yyl6ifk-shard-00-02.d5vvqi4.mongodb.net:27017] INFO  org.mongodb.driver.cluster - Monitor thread successfully connected to server with description ServerDescription{address=ac-yyl6ifk-shard-00-02.d5vvqi4.mongodb.net:27017, type=REPLICA_SET_SECONDARY, state=CONNECTED, ok=true, minWireVersion=0, maxWireVersion=25, maxDocumentSize=16777216, logicalSessionTimeoutMinutes=30, roundTripTimeNanos=658517100, setName='atlas-13fi3x-shard-0', canonicalAddress=ac-yyl6ifk-shard-00-02.d5vvqi4.mongodb.net:27017, hosts=[ac-yyl6ifk-shard-00-00.d5vvqi4.mongodb.net:27017, ac-yyl6ifk-shard-00-01.d5vvqi4.mongodb.net:27017, ac-yyl6ifk-shard-00-02.d5vvqi4.mongodb.net:27017], passives=[], arbiters=[], primary='ac-yyl6ifk-shard-00-01.d5vvqi4.mongodb.net:27017', tagSet=TagSet{[Tag{name='availabilityZone', value='aps1-az2'}, Tag{name='diskState', value='READY'}, Tag{name='nodeType', value='ELECTABLE'}, Tag{name='provider', value='AWS'}, Tag{name='region', value='AP_SOUTH_1'}, Tag{name='workloadType', value='OPERATIONAL'}]}, electionId=null, setVersion=229, topologyVersion=TopologyVersion{processId=68acbe4cc79d05aca6d4bb93, counter=3}, lastWriteDate=Wed Aug 27 19:48:17 IST 2025, lastUpdateTimeNanos=92732264390300}
2025-08-27 19:48:14 [cluster-ClusterId{value='68af13a50fd4ce1fdb933e4f', description='signature-cluster'}-ac-yyl6ifk-shard-00-00.d5vvqi4.mongodb.net:27017] INFO  org.mongodb.driver.cluster - Monitor thread successfully connected to server with description ServerDescription{address=ac-yyl6ifk-shard-00-00.d5vvqi4.mongodb.net:27017, type=REPLICA_SET_SECONDARY, state=CONNECTED, ok=true, minWireVersion=0, maxWireVersion=25, maxDocumentSize=16777216, logicalSessionTimeoutMinutes=30, roundTripTimeNanos=658501400, setName='atlas-13fi3x-shard-0', canonicalAddress=ac-yyl6ifk-shard-00-00.d5vvqi4.mongodb.net:27017, hosts=[ac-yyl6ifk-shard-00-00.d5vvqi4.mongodb.net:27017, ac-yyl6ifk-shard-00-01.d5vvqi4.mongodb.net:27017, ac-yyl6ifk-shard-00-02.d5vvqi4.mongodb.net:27017], passives=[], arbiters=[], primary='ac-yyl6ifk-shard-00-01.d5vvqi4.mongodb.net:27017', tagSet=TagSet{[Tag{name='availabilityZone', value='aps1-az1'}, Tag{name='diskState', value='READY'}, Tag{name='nodeType', value='ELECTABLE'}, Tag{name='provider', value='AWS'}, Tag{name='region', value='AP_SOUTH_1'}, Tag{name='workloadType', value='OPERATIONAL'}]}, electionId=null, setVersion=229, topologyVersion=TopologyVersion{processId=68acbc8b375c02f0f583b70a, counter=4}, lastWriteDate=Wed Aug 27 19:48:17 IST 2025, lastUpdateTimeNanos=92732264378500}
2025-08-27 19:48:14 [cluster-ClusterId{value='68af13a50fd4ce1fdb933e4f', description='signature-cluster'}-ac-yyl6ifk-shard-00-01.d5vvqi4.mongodb.net:27017] INFO  org.mongodb.driver.cluster - Discovered replica set primary ac-yyl6ifk-shard-00-01.d5vvqi4.mongodb.net:27017 with max election id 7fffffff000000000000013e and max set version 229
2025-08-27 19:48:15 [main] INFO  o.h.jpa.internal.util.LogHelper - HHH000204: Processing PersistenceUnitInfo [name: default]
2025-08-27 19:48:15 [main] INFO  org.hibernate.Version - HHH000412: Hibernate ORM core version 6.3.1.Final
2025-08-27 19:48:15 [main] INFO  o.h.c.i.RegionFactoryInitiator - HHH000026: Second-level cache disabled
2025-08-27 19:48:15 [main] INFO  o.s.o.j.p.SpringPersistenceUnitInfo - No LoadTimeWeaver setup: ignoring JPA class transformer
2025-08-27 19:48:15 [main] INFO  com.zaxxer.hikari.HikariDataSource - HikariPool-1 - Starting...
2025-08-27 19:48:16 [main] INFO  com.zaxxer.hikari.pool.HikariPool - HikariPool-1 - Added connection com.mysql.cj.jdbc.ConnectionImpl@79ec57b8
2025-08-27 19:48:16 [main] INFO  com.zaxxer.hikari.HikariDataSource - HikariPool-1 - Start completed.
2025-08-27 19:48:16 [main] WARN  org.hibernate.orm.deprecation - HHH90000025: MySQLDialect does not need to be specified explicitly using 'hibernate.dialect' (remove the property setting and it will be selected by default)
2025-08-27 19:48:17 [main] INFO  o.h.e.t.j.p.i.JtaPlatformInitiator - HHH000489: No JTA platform available (set 'hibernate.transaction.jta.platform' to enable JTA platform integration)
2025-08-27 19:48:17 [main] INFO  o.s.o.j.LocalContainerEntityManagerFactoryBean - Initialized JPA EntityManagerFactory for persistence unit 'default'
2025-08-27 19:48:17 [main] WARN  o.s.b.a.o.j.JpaBaseConfiguration$JpaWebConfiguration - spring.jpa.open-in-view is enabled by default. Therefore, database queries may be performed during view rendering. Explicitly configure spring.jpa.open-in-view to disable this warning
2025-08-27 19:48:18 [main] INFO  o.s.s.web.DefaultSecurityFilterChain - Will secure any request with [org.springframework.security.web.session.DisableEncodeUrlFilter@60251ddb, org.springframework.security.web.context.request.async.WebAsyncManagerIntegrationFilter@2059c3ff, org.springframework.security.web.context.SecurityContextHolderFilter@4d4bac56, org.springframework.security.web.header.HeaderWriterFilter@68feca3a, org.springframework.web.filter.CorsFilter@2f8ab988, org.springframework.security.web.authentication.logout.LogoutFilter@71634e64, org.springframework.security.oauth2.client.web.OAuth2AuthorizationRequestRedirectFilter@5afba80c, org.springframework.security.oauth2.client.web.OAuth2LoginAuthenticationFilter@304e1e4e, com.signature.security.AuthTokenFilter@3719360c, org.springframework.security.web.authentication.ui.DefaultLoginPageGeneratingFilter@1a22c1ba, org.springframework.security.web.authentication.ui.DefaultLogoutPageGeneratingFilter@46c475ba, org.springframework.security.web.savedrequest.RequestCacheAwareFilter@3696d12d, org.springframework.security.web.servletapi.SecurityContextHolderAwareRequestFilter@656672fb, org.springframework.security.web.authentication.AnonymousAuthenticationFilter@e47637c, org.springframework.security.web.session.SessionManagementFilter@fa689db, org.springframework.security.web.access.ExceptionTranslationFilter@76ee7301, org.springframework.security.web.access.intercept.AuthorizationFilter@3662c887]
2025-08-27 19:48:18 [main] INFO  o.s.b.w.e.tomcat.TomcatWebServer - Tomcat started on port 8080 (http) with context path '/api'
2025-08-27 19:48:18 [main] INFO  c.s.SignatureGeneratorApplication - Started SignatureGeneratorApplication in 9.885 seconds (process running for 10.752)
2025-08-27 19:48:26 [SpringApplicationShutdownHook] INFO  o.s.o.j.LocalContainerEntityManagerFactoryBean - Closing JPA EntityManagerFactory for persistence unit 'default'
2025-08-27 19:48:26 [SpringApplicationShutdownHook] INFO  com.zaxxer.hikari.HikariDataSource - HikariPool-1 - Shutdown initiated...
2025-08-27 19:48:26 [SpringApplicationShutdownHook] INFO  com.zaxxer.hikari.HikariDataSource - HikariPool-1 - Shutdown completed.
